<?xml version="1.0" encoding="UTF-8"?>
<!-- Generated by org.testng.reporters.JUnitReportReporter -->
<testsuite hostname="IBM-7NRYGY3" failures="0" tests="3" name="TestActivity9" time="0.231" errors="0" timestamp="2024-02-06T10:05:55 IST" skipped="0">
  <testcase classname="TestActivity9" name="TestCase3" time="0.048"/>
  <testcase classname="TestActivity9" name="TestCase2" time="0.062"/>
  <testcase classname="TestActivity9" name="TestCase1" time="0.121"/>
</testsuite> <!-- TestActivity9 -->
